<?xml version="1.0" encoding="UTF-8"?>
<robot generator="Robot 4.0.3 (Python 3.9.6 on win32)" generated="20210716 18:41:20.291" rpa="false" schemaversion="2">
<suite id="s1" name="Estrutura condicional" source="C:\Users\rillipronti\Desktop\SISTreinamento\Estrutura_condicional.robot">
<test id="s1-t1" name="Validar Idade">
<kw name="Verifica Maior Idade">
<arg>18</arg>
<if>
<branch type="IF" condition="'${Idade}' &gt;= &quot;18&quot;">
<kw name="Log To Console" library="BuiltIn">
<arg>Maior de Idade</arg>
<doc>Logs the given message to the console.</doc>
<status status="PASS" starttime="20210716 18:41:20.322" endtime="20210716 18:41:20.322"/>
</kw>
<status status="PASS" starttime="20210716 18:41:20.321" endtime="20210716 18:41:20.323"/>
</branch>
<status status="PASS" starttime="20210716 18:41:20.321" endtime="20210716 18:41:20.323"/>
</if>
<status status="PASS" starttime="20210716 18:41:20.320" endtime="20210716 18:41:20.323"/>
</kw>
<status status="PASS" starttime="20210716 18:41:20.319" endtime="20210716 18:41:20.323"/>
</test>
<test id="s1-t2" name="Verificar Numeros e encontrar Numero 5">
<kw name="Create List" library="BuiltIn">
<var>@{Numeros}</var>
<arg>1</arg>
<arg>2</arg>
<arg>3</arg>
<arg>4</arg>
<arg>5</arg>
<arg>6</arg>
<arg>5</arg>
<arg>8</arg>
<arg>9</arg>
<arg>10</arg>
<doc>Returns a list containing given items.</doc>
<msg timestamp="20210716 18:41:20.327" level="INFO">@{Numeros} = [ 1 | 2 | 3 | 4 | 5 | 6 | 5 | 8 | 9 | 10 ]</msg>
<status status="PASS" starttime="20210716 18:41:20.326" endtime="20210716 18:41:20.327"/>
</kw>
<kw name="Verificar Numero 5">
<arg>@{Numeros}</arg>
<for flavor="IN">
<var>${Numero_Atual}</var>
<value>@{Numeros}</value>
<iter>
<var name="${Numero_Atual}">1</var>
<if>
<branch type="IF" condition="'${Numero_Atual}' == &quot;5&quot;">
<kw name="Log To Console" library="BuiltIn">
<arg>Sucesso</arg>
<doc>Logs the given message to the console.</doc>
<status status="NOT RUN" starttime="20210716 18:41:20.329" endtime="20210716 18:41:20.329"/>
</kw>
<status status="NOT RUN" starttime="20210716 18:41:20.329" endtime="20210716 18:41:20.329"/>
</branch>
<status status="PASS" starttime="20210716 18:41:20.329" endtime="20210716 18:41:20.329"/>
</if>
<status status="PASS" starttime="20210716 18:41:20.329" endtime="20210716 18:41:20.329"/>
</iter>
<iter>
<var name="${Numero_Atual}">2</var>
<if>
<branch type="IF" condition="'${Numero_Atual}' == &quot;5&quot;">
<kw name="Log To Console" library="BuiltIn">
<arg>Sucesso</arg>
<doc>Logs the given message to the console.</doc>
<status status="NOT RUN" starttime="20210716 18:41:20.330" endtime="20210716 18:41:20.330"/>
</kw>
<status status="NOT RUN" starttime="20210716 18:41:20.329" endtime="20210716 18:41:20.330"/>
</branch>
<status status="PASS" starttime="20210716 18:41:20.329" endtime="20210716 18:41:20.330"/>
</if>
<status status="PASS" starttime="20210716 18:41:20.329" endtime="20210716 18:41:20.330"/>
</iter>
<iter>
<var name="${Numero_Atual}">3</var>
<if>
<branch type="IF" condition="'${Numero_Atual}' == &quot;5&quot;">
<kw name="Log To Console" library="BuiltIn">
<arg>Sucesso</arg>
<doc>Logs the given message to the console.</doc>
<status status="NOT RUN" starttime="20210716 18:41:20.330" endtime="20210716 18:41:20.330"/>
</kw>
<status status="NOT RUN" starttime="20210716 18:41:20.330" endtime="20210716 18:41:20.330"/>
</branch>
<status status="PASS" starttime="20210716 18:41:20.330" endtime="20210716 18:41:20.330"/>
</if>
<status status="PASS" starttime="20210716 18:41:20.330" endtime="20210716 18:41:20.330"/>
</iter>
<iter>
<var name="${Numero_Atual}">4</var>
<if>
<branch type="IF" condition="'${Numero_Atual}' == &quot;5&quot;">
<kw name="Log To Console" library="BuiltIn">
<arg>Sucesso</arg>
<doc>Logs the given message to the console.</doc>
<status status="NOT RUN" starttime="20210716 18:41:20.330" endtime="20210716 18:41:20.330"/>
</kw>
<status status="NOT RUN" starttime="20210716 18:41:20.330" endtime="20210716 18:41:20.330"/>
</branch>
<status status="PASS" starttime="20210716 18:41:20.330" endtime="20210716 18:41:20.330"/>
</if>
<status status="PASS" starttime="20210716 18:41:20.330" endtime="20210716 18:41:20.330"/>
</iter>
<iter>
<var name="${Numero_Atual}">5</var>
<if>
<branch type="IF" condition="'${Numero_Atual}' == &quot;5&quot;">
<kw name="Log To Console" library="BuiltIn">
<arg>Sucesso</arg>
<doc>Logs the given message to the console.</doc>
<status status="PASS" starttime="20210716 18:41:20.331" endtime="20210716 18:41:20.331"/>
</kw>
<status status="PASS" starttime="20210716 18:41:20.331" endtime="20210716 18:41:20.332"/>
</branch>
<status status="PASS" starttime="20210716 18:41:20.331" endtime="20210716 18:41:20.332"/>
</if>
<status status="PASS" starttime="20210716 18:41:20.331" endtime="20210716 18:41:20.332"/>
</iter>
<iter>
<var name="${Numero_Atual}">6</var>
<if>
<branch type="IF" condition="'${Numero_Atual}' == &quot;5&quot;">
<kw name="Log To Console" library="BuiltIn">
<arg>Sucesso</arg>
<doc>Logs the given message to the console.</doc>
<status status="NOT RUN" starttime="20210716 18:41:20.333" endtime="20210716 18:41:20.333"/>
</kw>
<status status="NOT RUN" starttime="20210716 18:41:20.333" endtime="20210716 18:41:20.333"/>
</branch>
<status status="PASS" starttime="20210716 18:41:20.332" endtime="20210716 18:41:20.333"/>
</if>
<status status="PASS" starttime="20210716 18:41:20.332" endtime="20210716 18:41:20.333"/>
</iter>
<iter>
<var name="${Numero_Atual}">5</var>
<if>
<branch type="IF" condition="'${Numero_Atual}' == &quot;5&quot;">
<kw name="Log To Console" library="BuiltIn">
<arg>Sucesso</arg>
<doc>Logs the given message to the console.</doc>
<status status="PASS" starttime="20210716 18:41:20.334" endtime="20210716 18:41:20.336"/>
</kw>
<status status="PASS" starttime="20210716 18:41:20.334" endtime="20210716 18:41:20.336"/>
</branch>
<status status="PASS" starttime="20210716 18:41:20.334" endtime="20210716 18:41:20.336"/>
</if>
<status status="PASS" starttime="20210716 18:41:20.334" endtime="20210716 18:41:20.336"/>
</iter>
<iter>
<var name="${Numero_Atual}">8</var>
<if>
<branch type="IF" condition="'${Numero_Atual}' == &quot;5&quot;">
<kw name="Log To Console" library="BuiltIn">
<arg>Sucesso</arg>
<doc>Logs the given message to the console.</doc>
<status status="NOT RUN" starttime="20210716 18:41:20.337" endtime="20210716 18:41:20.337"/>
</kw>
<status status="NOT RUN" starttime="20210716 18:41:20.337" endtime="20210716 18:41:20.337"/>
</branch>
<status status="PASS" starttime="20210716 18:41:20.336" endtime="20210716 18:41:20.337"/>
</if>
<status status="PASS" starttime="20210716 18:41:20.336" endtime="20210716 18:41:20.337"/>
</iter>
<iter>
<var name="${Numero_Atual}">9</var>
<if>
<branch type="IF" condition="'${Numero_Atual}' == &quot;5&quot;">
<kw name="Log To Console" library="BuiltIn">
<arg>Sucesso</arg>
<doc>Logs the given message to the console.</doc>
<status status="NOT RUN" starttime="20210716 18:41:20.337" endtime="20210716 18:41:20.337"/>
</kw>
<status status="NOT RUN" starttime="20210716 18:41:20.337" endtime="20210716 18:41:20.337"/>
</branch>
<status status="PASS" starttime="20210716 18:41:20.337" endtime="20210716 18:41:20.338"/>
</if>
<status status="PASS" starttime="20210716 18:41:20.337" endtime="20210716 18:41:20.338"/>
</iter>
<iter>
<var name="${Numero_Atual}">10</var>
<if>
<branch type="IF" condition="'${Numero_Atual}' == &quot;5&quot;">
<kw name="Log To Console" library="BuiltIn">
<arg>Sucesso</arg>
<doc>Logs the given message to the console.</doc>
<status status="NOT RUN" starttime="20210716 18:41:20.338" endtime="20210716 18:41:20.338"/>
</kw>
<status status="NOT RUN" starttime="20210716 18:41:20.338" endtime="20210716 18:41:20.338"/>
</branch>
<status status="PASS" starttime="20210716 18:41:20.338" endtime="20210716 18:41:20.338"/>
</if>
<status status="PASS" starttime="20210716 18:41:20.338" endtime="20210716 18:41:20.338"/>
</iter>
<status status="PASS" starttime="20210716 18:41:20.328" endtime="20210716 18:41:20.338"/>
</for>
<status status="PASS" starttime="20210716 18:41:20.328" endtime="20210716 18:41:20.338"/>
</kw>
<status status="PASS" starttime="20210716 18:41:20.325" endtime="20210716 18:41:20.339"/>
</test>
<status status="PASS" starttime="20210716 18:41:20.292" endtime="20210716 18:41:20.343"/>
</suite>
<statistics>
<total>
<stat pass="2" fail="0" skip="0">All Tests</stat>
</total>
<tag>
</tag>
<suite>
<stat pass="2" fail="0" skip="0" id="s1" name="Estrutura condicional">Estrutura condicional</stat>
</suite>
</statistics>
<errors>
</errors>
</robot>
