<?xml version="1.0" encoding="UTF-8"?>
<robot generator="Robot 4.0.3 (Python 3.9.6 on win32)" generated="20210719 21:02:14.612" rpa="false" schemaversion="2">
<suite id="s1" name="Login" source="C:\Users\rillipronti\Desktop\SISTreinamento\test\Login.robot">
<test id="s1-t1" name="Cenario: Login na aplicação">
<kw name="Open Browser" library="SeleniumLibrary">
<arg>http://automationpractice.com/index.php</arg>
<arg>chrome</arg>
<doc>Opens a new browser instance to the optional ``url``.</doc>
<msg timestamp="20210719 21:02:14.824" level="INFO">Opening browser 'chrome' to base url 'http://automationpractice.com/index.php'.</msg>
<status status="PASS" starttime="20210719 21:02:14.823" endtime="20210719 21:02:19.783"/>
</kw>
<kw name="Maximize Browser Window" library="SeleniumLibrary">
<doc>Maximizes current browser window.</doc>
<status status="PASS" starttime="20210719 21:02:19.783" endtime="20210719 21:02:19.915"/>
</kw>
<kw name="Click Element" library="SeleniumLibrary">
<arg>xpath=//a[@class='login']</arg>
<doc>Click the element identified by ``locator``.</doc>
<msg timestamp="20210719 21:02:19.917" level="INFO">Clicking element 'xpath=//a[@class='login']'.</msg>
<status status="PASS" starttime="20210719 21:02:19.916" endtime="20210719 21:02:21.518"/>
</kw>
<kw name="Input Text" library="SeleniumLibrary">
<arg>id=email</arg>
<arg>rasafa9934@ovooovo.com</arg>
<doc>Types the given ``text`` into the text field identified by ``locator``.</doc>
<msg timestamp="20210719 21:02:21.519" level="INFO">Typing text 'rasafa9934@ovooovo.com' into text field 'id=email'.</msg>
<status status="PASS" starttime="20210719 21:02:21.519" endtime="20210719 21:02:21.660"/>
</kw>
<kw name="Input Text" library="SeleniumLibrary">
<arg>id=passwd</arg>
<arg>Teste@123</arg>
<doc>Types the given ``text`` into the text field identified by ``locator``.</doc>
<msg timestamp="20210719 21:02:21.662" level="INFO">Typing text 'Teste@123' into text field 'id=passwd'.</msg>
<status status="PASS" starttime="20210719 21:02:21.661" endtime="20210719 21:02:21.795"/>
</kw>
<kw name="Capture Page Screenshot" library="SeleniumLibrary">
<doc>Takes a screenshot of the current page and embeds it into a log file.</doc>
<msg timestamp="20210719 21:02:22.000" level="INFO" html="true">&lt;/td&gt;&lt;/tr&gt;&lt;tr&gt;&lt;td colspan="3"&gt;&lt;a href="selenium-screenshot-1.png"&gt;&lt;img src="selenium-screenshot-1.png" width="800px"&gt;&lt;/a&gt;</msg>
<status status="PASS" starttime="20210719 21:02:21.796" endtime="20210719 21:02:22.000"/>
</kw>
<kw name="Click Element" library="SeleniumLibrary">
<arg>id=SubmitLogin</arg>
<doc>Click the element identified by ``locator``.</doc>
<msg timestamp="20210719 21:02:22.003" level="INFO">Clicking element 'id=SubmitLogin'.</msg>
<status status="PASS" starttime="20210719 21:02:22.002" endtime="20210719 21:02:23.645"/>
</kw>
<kw name="Page Should Contain" library="SeleniumLibrary">
<arg>Marcos</arg>
<arg>Barbos</arg>
<doc>Verifies that current page contains ``text``.</doc>
<msg timestamp="20210719 21:02:23.684" level="INFO">Current page contains text 'Marcos'.</msg>
<status status="PASS" starttime="20210719 21:02:23.648" endtime="20210719 21:02:23.684"/>
</kw>
<kw name="Capture Page Screenshot" library="SeleniumLibrary">
<doc>Takes a screenshot of the current page and embeds it into a log file.</doc>
<msg timestamp="20210719 21:02:23.880" level="INFO" html="true">&lt;/td&gt;&lt;/tr&gt;&lt;tr&gt;&lt;td colspan="3"&gt;&lt;a href="selenium-screenshot-2.png"&gt;&lt;img src="selenium-screenshot-2.png" width="800px"&gt;&lt;/a&gt;</msg>
<status status="PASS" starttime="20210719 21:02:23.685" endtime="20210719 21:02:23.880"/>
</kw>
<kw name="Close Browser" library="SeleniumLibrary">
<doc>Closes the current browser.</doc>
<status status="PASS" starttime="20210719 21:02:23.881" endtime="20210719 21:02:26.123"/>
</kw>
<status status="PASS" starttime="20210719 21:02:14.822" endtime="20210719 21:02:26.124"/>
</test>
<status status="PASS" starttime="20210719 21:02:14.614" endtime="20210719 21:02:26.126"/>
</suite>
<statistics>
<total>
<stat pass="1" fail="0" skip="0">All Tests</stat>
</total>
<tag>
</tag>
<suite>
<stat pass="1" fail="0" skip="0" id="s1" name="Login">Login</stat>
</suite>
</statistics>
<errors>
</errors>
</robot>
